<?xml version="1.0" encoding="UTF-8"?>
<testsuite xmlns:xsi="http://www.w3.org/2001/XMLSchema-instance" xsi:noNamespaceSchemaLocation="https://maven.apache.org/surefire/maven-surefire-plugin/xsd/surefire-test-report-3.0.xsd" version="3.0" name="com.example.Integration.ActiveTaskApplicationTests" time="7.959" tests="1" errors="0" skipped="0" failures="0">
  <properties>
    <property name="java.specification.version" value="17"/>
    <property name="sun.cpu.isalist" value="amd64"/>
    <property name="sun.jnu.encoding" value="Cp1252"/>
    <property name="java.class.path" value="C:\Users\BSIT-021\Documents\workspace-spring-tool-suite-4-4.23.1.RELEASE\ActiveTask\target\test-classes;C:\Users\BSIT-021\Documents\workspace-spring-tool-suite-4-4.23.1.RELEASE\ActiveTask\target\classes;C:\Users\BSIT-021\.m2\repository\org\springframework\boot\spring-boot-starter-activemq\3.3.2\spring-boot-starter-activemq-3.3.2.jar;C:\Users\BSIT-021\.m2\repository\org\springframework\boot\spring-boot-starter\3.3.2\spring-boot-starter-3.3.2.jar;C:\Users\BSIT-021\.m2\repository\org\springframework\boot\spring-boot-starter-logging\3.3.2\spring-boot-starter-logging-3.3.2.jar;C:\Users\BSIT-021\.m2\repository\ch\qos\logback\logback-classic\1.5.6\logback-classic-1.5.6.jar;C:\Users\BSIT-021\.m2\repository\ch\qos\logback\logback-core\1.5.6\logback-core-1.5.6.jar;C:\Users\BSIT-021\.m2\repository\org\apache\logging\log4j\log4j-to-slf4j\2.23.1\log4j-to-slf4j-2.23.1.jar;C:\Users\BSIT-021\.m2\repository\org\apache\logging\log4j\log4j-api\2.23.1\log4j-api-2.23.1.jar;C:\Users\BSIT-021\.m2\repository\org\slf4j\jul-to-slf4j\2.0.13\jul-to-slf4j-2.0.13.jar;C:\Users\BSIT-021\.m2\repository\jakarta\annotation\jakarta.annotation-api\2.1.1\jakarta.annotation-api-2.1.1.jar;C:\Users\BSIT-021\.m2\repository\org\yaml\snakeyaml\2.2\snakeyaml-2.2.jar;C:\Users\BSIT-021\.m2\repository\org\springframework\spring-jms\6.1.11\spring-jms-6.1.11.jar;C:\Users\BSIT-021\.m2\repository\org\springframework\spring-beans\6.1.11\spring-beans-6.1.11.jar;C:\Users\BSIT-021\.m2\repository\org\springframework\spring-messaging\6.1.11\spring-messaging-6.1.11.jar;C:\Users\BSIT-021\.m2\repository\org\springframework\spring-tx\6.1.11\spring-tx-6.1.11.jar;C:\Users\BSIT-021\.m2\repository\io\micrometer\micrometer-observation\1.13.2\micrometer-observation-1.13.2.jar;C:\Users\BSIT-021\.m2\repository\io\micrometer\micrometer-commons\1.13.2\micrometer-commons-1.13.2.jar;C:\Users\BSIT-021\.m2\repository\org\apache\activemq\activemq-client\6.1.2\activemq-client-6.1.2.jar;C:\Users\BSIT-021\.m2\repository\org\slf4j\slf4j-api\2.0.13\slf4j-api-2.0.13.jar;C:\Users\BSIT-021\.m2\repository\jakarta\jms\jakarta.jms-api\3.1.0\jakarta.jms-api-3.1.0.jar;C:\Users\BSIT-021\.m2\repository\org\fusesource\hawtbuf\hawtbuf\1.11\hawtbuf-1.11.jar;C:\Users\BSIT-021\.m2\repository\org\springframework\boot\spring-boot-starter-artemis\3.3.2\spring-boot-starter-artemis-3.3.2.jar;C:\Users\BSIT-021\.m2\repository\org\apache\activemq\artemis-jakarta-client\2.33.0\artemis-jakarta-client-2.33.0.jar;C:\Users\BSIT-021\.m2\repository\org\apache\activemq\artemis-core-client\2.33.0\artemis-core-client-2.33.0.jar;C:\Users\BSIT-021\.m2\repository\org\jgroups\jgroups\5.3.2.Final\jgroups-5.3.2.Final.jar;C:\Users\BSIT-021\.m2\repository\io\netty\netty-transport-native-epoll\4.1.111.Final\netty-transport-native-epoll-4.1.111.Final-linux-x86_64.jar;C:\Users\BSIT-021\.m2\repository\io\netty\netty-transport-native-unix-common\4.1.111.Final\netty-transport-native-unix-common-4.1.111.Final.jar;C:\Users\BSIT-021\.m2\repository\io\netty\netty-transport-classes-epoll\4.1.111.Final\netty-transport-classes-epoll-4.1.111.Final.jar;C:\Users\BSIT-021\.m2\repository\io\netty\netty-transport-native-kqueue\4.1.111.Final\netty-transport-native-kqueue-4.1.111.Final-osx-x86_64.jar;C:\Users\BSIT-021\.m2\repository\io\netty\netty-transport-classes-kqueue\4.1.111.Final\netty-transport-classes-kqueue-4.1.111.Final.jar;C:\Users\BSIT-021\.m2\repository\io\netty\netty-codec-http\4.1.111.Final\netty-codec-http-4.1.111.Final.jar;C:\Users\BSIT-021\.m2\repository\io\netty\netty-buffer\4.1.111.Final\netty-buffer-4.1.111.Final.jar;C:\Users\BSIT-021\.m2\repository\io\netty\netty-transport\4.1.111.Final\netty-transport-4.1.111.Final.jar;C:\Users\BSIT-021\.m2\repository\io\netty\netty-handler\4.1.111.Final\netty-handler-4.1.111.Final.jar;C:\Users\BSIT-021\.m2\repository\io\netty\netty-handler-proxy\4.1.111.Final\netty-handler-proxy-4.1.111.Final.jar;C:\Users\BSIT-021\.m2\repository\io\netty\netty-codec\4.1.111.Final\netty-codec-4.1.111.Final.jar;C:\Users\BSIT-021\.m2\repository\io\netty\netty-codec-socks\4.1.111.Final\netty-codec-socks-4.1.111.Final.jar;C:\Users\BSIT-021\.m2\repository\io\netty\netty-common\4.1.111.Final\netty-common-4.1.111.Final.jar;C:\Users\BSIT-021\.m2\repository\io\netty\netty-resolver\4.1.111.Final\netty-resolver-4.1.111.Final.jar;C:\Users\BSIT-021\.m2\repository\de\dentrassi\crypto\pem-keystore\2.3.0\pem-keystore-2.3.0.jar;C:\Users\BSIT-021\.m2\repository\org\bouncycastle\bcprov-jdk18on\1.77\bcprov-jdk18on-1.77.jar;C:\Users\BSIT-021\.m2\repository\org\bouncycastle\bcpkix-jdk18on\1.77\bcpkix-jdk18on-1.77.jar;C:\Users\BSIT-021\.m2\repository\org\bouncycastle\bcutil-jdk18on\1.77\bcutil-jdk18on-1.77.jar;C:\Users\BSIT-021\.m2\repository\org\apache\activemq\artemis-commons\2.33.0\artemis-commons-2.33.0.jar;C:\Users\BSIT-021\.m2\repository\commons-beanutils\commons-beanutils\1.9.4\commons-beanutils-1.9.4.jar;C:\Users\BSIT-021\.m2\repository\commons-collections\commons-collections\3.2.2\commons-collections-3.2.2.jar;C:\Users\BSIT-021\.m2\repository\org\apache\activemq\artemis-selector\2.33.0\artemis-selector-2.33.0.jar;C:\Users\BSIT-021\.m2\repository\org\springframework\boot\spring-boot-starter-data-jdbc\3.3.2\spring-boot-starter-data-jdbc-3.3.2.jar;C:\Users\BSIT-021\.m2\repository\org\springframework\boot\spring-boot-starter-jdbc\3.3.2\spring-boot-starter-jdbc-3.3.2.jar;C:\Users\BSIT-021\.m2\repository\com\zaxxer\HikariCP\5.1.0\HikariCP-5.1.0.jar;C:\Users\BSIT-021\.m2\repository\org\springframework\spring-jdbc\6.1.11\spring-jdbc-6.1.11.jar;C:\Users\BSIT-021\.m2\repository\org\springframework\data\spring-data-jdbc\3.3.2\spring-data-jdbc-3.3.2.jar;C:\Users\BSIT-021\.m2\repository\org\springframework\data\spring-data-relational\3.3.2\spring-data-relational-3.3.2.jar;C:\Users\BSIT-021\.m2\repository\org\springframework\data\spring-data-commons\3.3.2\spring-data-commons-3.3.2.jar;C:\Users\BSIT-021\.m2\repository\org\springframework\spring-context\6.1.11\spring-context-6.1.11.jar;C:\Users\BSIT-021\.m2\repository\org\springframework\boot\spring-boot-starter-web\3.3.2\spring-boot-starter-web-3.3.2.jar;C:\Users\BSIT-021\.m2\repository\org\springframework\boot\spring-boot-starter-json\3.3.2\spring-boot-starter-json-3.3.2.jar;C:\Users\BSIT-021\.m2\repository\com\fasterxml\jackson\core\jackson-databind\2.17.2\jackson-databind-2.17.2.jar;C:\Users\BSIT-021\.m2\repository\com\fasterxml\jackson\core\jackson-annotations\2.17.2\jackson-annotations-2.17.2.jar;C:\Users\BSIT-021\.m2\repository\com\fasterxml\jackson\core\jackson-core\2.17.2\jackson-core-2.17.2.jar;C:\Users\BSIT-021\.m2\repository\com\fasterxml\jackson\datatype\jackson-datatype-jdk8\2.17.2\jackson-datatype-jdk8-2.17.2.jar;C:\Users\BSIT-021\.m2\repository\com\fasterxml\jackson\datatype\jackson-datatype-jsr310\2.17.2\jackson-datatype-jsr310-2.17.2.jar;C:\Users\BSIT-021\.m2\repository\com\fasterxml\jackson\module\jackson-module-parameter-names\2.17.2\jackson-module-parameter-names-2.17.2.jar;C:\Users\BSIT-021\.m2\repository\org\springframework\boot\spring-boot-starter-tomcat\3.3.2\spring-boot-starter-tomcat-3.3.2.jar;C:\Users\BSIT-021\.m2\repository\org\apache\tomcat\embed\tomcat-embed-core\10.1.26\tomcat-embed-core-10.1.26.jar;C:\Users\BSIT-021\.m2\repository\org\apache\tomcat\embed\tomcat-embed-el\10.1.26\tomcat-embed-el-10.1.26.jar;C:\Users\BSIT-021\.m2\repository\org\apache\tomcat\embed\tomcat-embed-websocket\10.1.26\tomcat-embed-websocket-10.1.26.jar;C:\Users\BSIT-021\.m2\repository\org\springframework\spring-web\6.1.11\spring-web-6.1.11.jar;C:\Users\BSIT-021\.m2\repository\org\springframework\spring-webmvc\6.1.11\spring-webmvc-6.1.11.jar;C:\Users\BSIT-021\.m2\repository\org\springframework\spring-aop\6.1.11\spring-aop-6.1.11.jar;C:\Users\BSIT-021\.m2\repository\org\springframework\spring-expression\6.1.11\spring-expression-6.1.11.jar;C:\Users\BSIT-021\.m2\repository\org\springframework\boot\spring-boot-starter-web-services\3.3.2\spring-boot-starter-web-services-3.3.2.jar;C:\Users\BSIT-021\.m2\repository\com\sun\xml\messaging\saaj\saaj-impl\3.0.4\saaj-impl-3.0.4.jar;C:\Users\BSIT-021\.m2\repository\jakarta\xml\soap\jakarta.xml.soap-api\3.0.2\jakarta.xml.soap-api-3.0.2.jar;C:\Users\BSIT-021\.m2\repository\org\jvnet\staxex\stax-ex\2.1.0\stax-ex-2.1.0.jar;C:\Users\BSIT-021\.m2\repository\jakarta\activation\jakarta.activation-api\2.1.3\jakarta.activation-api-2.1.3.jar;C:\Users\BSIT-021\.m2\repository\org\eclipse\angus\angus-activation\2.0.2\angus-activation-2.0.2.jar;C:\Users\BSIT-021\.m2\repository\jakarta\xml\ws\jakarta.xml.ws-api\4.0.2\jakarta.xml.ws-api-4.0.2.jar;C:\Users\BSIT-021\.m2\repository\org\springframework\spring-oxm\6.1.11\spring-oxm-6.1.11.jar;C:\Users\BSIT-021\.m2\repository\org\springframework\ws\spring-ws-core\4.0.11\spring-ws-core-4.0.11.jar;C:\Users\BSIT-021\.m2\repository\org\springframework\ws\spring-xml\4.0.11\spring-xml-4.0.11.jar;C:\Users\BSIT-021\.m2\repository\org\glassfish\jaxb\jaxb-runtime\4.0.5\jaxb-runtime-4.0.5.jar;C:\Users\BSIT-021\.m2\repository\org\glassfish\jaxb\jaxb-core\4.0.5\jaxb-core-4.0.5.jar;C:\Users\BSIT-021\.m2\repository\org\glassfish\jaxb\txw2\4.0.5\txw2-4.0.5.jar;C:\Users\BSIT-021\.m2\repository\com\sun\istack\istack-commons-runtime\4.1.2\istack-commons-runtime-4.1.2.jar;C:\Users\BSIT-021\.m2\repository\org\springframework\boot\spring-boot-devtools\3.3.2\spring-boot-devtools-3.3.2.jar;C:\Users\BSIT-021\.m2\repository\org\springframework\boot\spring-boot\3.3.2\spring-boot-3.3.2.jar;C:\Users\BSIT-021\.m2\repository\org\springframework\boot\spring-boot-autoconfigure\3.3.2\spring-boot-autoconfigure-3.3.2.jar;C:\Users\BSIT-021\.m2\repository\com\mysql\mysql-connector-j\8.3.0\mysql-connector-j-8.3.0.jar;C:\Users\BSIT-021\.m2\repository\org\springframework\boot\spring-boot-starter-test\3.3.2\spring-boot-starter-test-3.3.2.jar;C:\Users\BSIT-021\.m2\repository\org\springframework\boot\spring-boot-test\3.3.2\spring-boot-test-3.3.2.jar;C:\Users\BSIT-021\.m2\repository\org\springframework\boot\spring-boot-test-autoconfigure\3.3.2\spring-boot-test-autoconfigure-3.3.2.jar;C:\Users\BSIT-021\.m2\repository\com\jayway\jsonpath\json-path\2.9.0\json-path-2.9.0.jar;C:\Users\BSIT-021\.m2\repository\jakarta\xml\bind\jakarta.xml.bind-api\4.0.2\jakarta.xml.bind-api-4.0.2.jar;C:\Users\BSIT-021\.m2\repository\net\minidev\json-smart\2.5.1\json-smart-2.5.1.jar;C:\Users\BSIT-021\.m2\repository\net\minidev\accessors-smart\2.5.1\accessors-smart-2.5.1.jar;C:\Users\BSIT-021\.m2\repository\org\ow2\asm\asm\9.6\asm-9.6.jar;C:\Users\BSIT-021\.m2\repository\org\assertj\assertj-core\3.25.3\assertj-core-3.25.3.jar;C:\Users\BSIT-021\.m2\repository\net\bytebuddy\byte-buddy\1.14.18\byte-buddy-1.14.18.jar;C:\Users\BSIT-021\.m2\repository\org\awaitility\awaitility\4.2.1\awaitility-4.2.1.jar;C:\Users\BSIT-021\.m2\repository\org\hamcrest\hamcrest\2.2\hamcrest-2.2.jar;C:\Users\BSIT-021\.m2\repository\org\junit\jupiter\junit-jupiter\5.10.3\junit-jupiter-5.10.3.jar;C:\Users\BSIT-021\.m2\repository\org\junit\jupiter\junit-jupiter-api\5.10.3\junit-jupiter-api-5.10.3.jar;C:\Users\BSIT-021\.m2\repository\org\opentest4j\opentest4j\1.3.0\opentest4j-1.3.0.jar;C:\Users\BSIT-021\.m2\repository\org\junit\platform\junit-platform-commons\1.10.3\junit-platform-commons-1.10.3.jar;C:\Users\BSIT-021\.m2\repository\org\apiguardian\apiguardian-api\1.1.2\apiguardian-api-1.1.2.jar;C:\Users\BSIT-021\.m2\repository\org\junit\jupiter\junit-jupiter-params\5.10.3\junit-jupiter-params-5.10.3.jar;C:\Users\BSIT-021\.m2\repository\org\junit\jupiter\junit-jupiter-engine\5.10.3\junit-jupiter-engine-5.10.3.jar;C:\Users\BSIT-021\.m2\repository\org\junit\platform\junit-platform-engine\1.10.3\junit-platform-engine-1.10.3.jar;C:\Users\BSIT-021\.m2\repository\org\mockito\mockito-core\5.11.0\mockito-core-5.11.0.jar;C:\Users\BSIT-021\.m2\repository\net\bytebuddy\byte-buddy-agent\1.14.18\byte-buddy-agent-1.14.18.jar;C:\Users\BSIT-021\.m2\repository\org\objenesis\objenesis\3.3\objenesis-3.3.jar;C:\Users\BSIT-021\.m2\repository\org\mockito\mockito-junit-jupiter\5.11.0\mockito-junit-jupiter-5.11.0.jar;C:\Users\BSIT-021\.m2\repository\org\skyscreamer\jsonassert\1.5.3\jsonassert-1.5.3.jar;C:\Users\BSIT-021\.m2\repository\com\vaadin\external\google\android-json\0.0.20131108.vaadin1\android-json-0.0.20131108.vaadin1.jar;C:\Users\BSIT-021\.m2\repository\org\springframework\spring-core\6.1.11\spring-core-6.1.11.jar;C:\Users\BSIT-021\.m2\repository\org\springframework\spring-jcl\6.1.11\spring-jcl-6.1.11.jar;C:\Users\BSIT-021\.m2\repository\org\springframework\spring-test\6.1.11\spring-test-6.1.11.jar;C:\Users\BSIT-021\.m2\repository\org\xmlunit\xmlunit-core\2.9.1\xmlunit-core-2.9.1.jar;"/>
    <property name="java.vm.vendor" value="Oracle Corporation"/>
    <property name="sun.arch.data.model" value="64"/>
    <property name="user.variant" value=""/>
    <property name="java.vendor.url" value="https://java.oracle.com/"/>
    <property name="user.timezone" value="Asia/Calcutta"/>
    <property name="os.name" value="Windows 10"/>
    <property name="java.vm.specification.version" value="17"/>
    <property name="sun.java.launcher" value="SUN_STANDARD"/>
    <property name="user.country" value="IN"/>
    <property name="sun.boot.library.path" value="C:\Program Files\Java\jdk-17\bin"/>
    <property name="sun.java.command" value="C:\Users\BSIT-021\AppData\Local\Temp\surefire1302993600419953939\surefirebooter-20240719114949874_3.jar C:\Users\BSIT-021\AppData\Local\Temp\surefire1302993600419953939 2024-07-19T11-49-40_852-jvmRun1 surefire-20240719114949874_1tmp surefire_0-20240719114949874_2tmp"/>
    <property name="jdk.debug" value="release"/>
    <property name="surefire.test.class.path" value="C:\Users\BSIT-021\Documents\workspace-spring-tool-suite-4-4.23.1.RELEASE\ActiveTask\target\test-classes;C:\Users\BSIT-021\Documents\workspace-spring-tool-suite-4-4.23.1.RELEASE\ActiveTask\target\classes;C:\Users\BSIT-021\.m2\repository\org\springframework\boot\spring-boot-starter-activemq\3.3.2\spring-boot-starter-activemq-3.3.2.jar;C:\Users\BSIT-021\.m2\repository\org\springframework\boot\spring-boot-starter\3.3.2\spring-boot-starter-3.3.2.jar;C:\Users\BSIT-021\.m2\repository\org\springframework\boot\spring-boot-starter-logging\3.3.2\spring-boot-starter-logging-3.3.2.jar;C:\Users\BSIT-021\.m2\repository\ch\qos\logback\logback-classic\1.5.6\logback-classic-1.5.6.jar;C:\Users\BSIT-021\.m2\repository\ch\qos\logback\logback-core\1.5.6\logback-core-1.5.6.jar;C:\Users\BSIT-021\.m2\repository\org\apache\logging\log4j\log4j-to-slf4j\2.23.1\log4j-to-slf4j-2.23.1.jar;C:\Users\BSIT-021\.m2\repository\org\apache\logging\log4j\log4j-api\2.23.1\log4j-api-2.23.1.jar;C:\Users\BSIT-021\.m2\repository\org\slf4j\jul-to-slf4j\2.0.13\jul-to-slf4j-2.0.13.jar;C:\Users\BSIT-021\.m2\repository\jakarta\annotation\jakarta.annotation-api\2.1.1\jakarta.annotation-api-2.1.1.jar;C:\Users\BSIT-021\.m2\repository\org\yaml\snakeyaml\2.2\snakeyaml-2.2.jar;C:\Users\BSIT-021\.m2\repository\org\springframework\spring-jms\6.1.11\spring-jms-6.1.11.jar;C:\Users\BSIT-021\.m2\repository\org\springframework\spring-beans\6.1.11\spring-beans-6.1.11.jar;C:\Users\BSIT-021\.m2\repository\org\springframework\spring-messaging\6.1.11\spring-messaging-6.1.11.jar;C:\Users\BSIT-021\.m2\repository\org\springframework\spring-tx\6.1.11\spring-tx-6.1.11.jar;C:\Users\BSIT-021\.m2\repository\io\micrometer\micrometer-observation\1.13.2\micrometer-observation-1.13.2.jar;C:\Users\BSIT-021\.m2\repository\io\micrometer\micrometer-commons\1.13.2\micrometer-commons-1.13.2.jar;C:\Users\BSIT-021\.m2\repository\org\apache\activemq\activemq-client\6.1.2\activemq-client-6.1.2.jar;C:\Users\BSIT-021\.m2\repository\org\slf4j\slf4j-api\2.0.13\slf4j-api-2.0.13.jar;C:\Users\BSIT-021\.m2\repository\jakarta\jms\jakarta.jms-api\3.1.0\jakarta.jms-api-3.1.0.jar;C:\Users\BSIT-021\.m2\repository\org\fusesource\hawtbuf\hawtbuf\1.11\hawtbuf-1.11.jar;C:\Users\BSIT-021\.m2\repository\org\springframework\boot\spring-boot-starter-artemis\3.3.2\spring-boot-starter-artemis-3.3.2.jar;C:\Users\BSIT-021\.m2\repository\org\apache\activemq\artemis-jakarta-client\2.33.0\artemis-jakarta-client-2.33.0.jar;C:\Users\BSIT-021\.m2\repository\org\apache\activemq\artemis-core-client\2.33.0\artemis-core-client-2.33.0.jar;C:\Users\BSIT-021\.m2\repository\org\jgroups\jgroups\5.3.2.Final\jgroups-5.3.2.Final.jar;C:\Users\BSIT-021\.m2\repository\io\netty\netty-transport-native-epoll\4.1.111.Final\netty-transport-native-epoll-4.1.111.Final-linux-x86_64.jar;C:\Users\BSIT-021\.m2\repository\io\netty\netty-transport-native-unix-common\4.1.111.Final\netty-transport-native-unix-common-4.1.111.Final.jar;C:\Users\BSIT-021\.m2\repository\io\netty\netty-transport-classes-epoll\4.1.111.Final\netty-transport-classes-epoll-4.1.111.Final.jar;C:\Users\BSIT-021\.m2\repository\io\netty\netty-transport-native-kqueue\4.1.111.Final\netty-transport-native-kqueue-4.1.111.Final-osx-x86_64.jar;C:\Users\BSIT-021\.m2\repository\io\netty\netty-transport-classes-kqueue\4.1.111.Final\netty-transport-classes-kqueue-4.1.111.Final.jar;C:\Users\BSIT-021\.m2\repository\io\netty\netty-codec-http\4.1.111.Final\netty-codec-http-4.1.111.Final.jar;C:\Users\BSIT-021\.m2\repository\io\netty\netty-buffer\4.1.111.Final\netty-buffer-4.1.111.Final.jar;C:\Users\BSIT-021\.m2\repository\io\netty\netty-transport\4.1.111.Final\netty-transport-4.1.111.Final.jar;C:\Users\BSIT-021\.m2\repository\io\netty\netty-handler\4.1.111.Final\netty-handler-4.1.111.Final.jar;C:\Users\BSIT-021\.m2\repository\io\netty\netty-handler-proxy\4.1.111.Final\netty-handler-proxy-4.1.111.Final.jar;C:\Users\BSIT-021\.m2\repository\io\netty\netty-codec\4.1.111.Final\netty-codec-4.1.111.Final.jar;C:\Users\BSIT-021\.m2\repository\io\netty\netty-codec-socks\4.1.111.Final\netty-codec-socks-4.1.111.Final.jar;C:\Users\BSIT-021\.m2\repository\io\netty\netty-common\4.1.111.Final\netty-common-4.1.111.Final.jar;C:\Users\BSIT-021\.m2\repository\io\netty\netty-resolver\4.1.111.Final\netty-resolver-4.1.111.Final.jar;C:\Users\BSIT-021\.m2\repository\de\dentrassi\crypto\pem-keystore\2.3.0\pem-keystore-2.3.0.jar;C:\Users\BSIT-021\.m2\repository\org\bouncycastle\bcprov-jdk18on\1.77\bcprov-jdk18on-1.77.jar;C:\Users\BSIT-021\.m2\repository\org\bouncycastle\bcpkix-jdk18on\1.77\bcpkix-jdk18on-1.77.jar;C:\Users\BSIT-021\.m2\repository\org\bouncycastle\bcutil-jdk18on\1.77\bcutil-jdk18on-1.77.jar;C:\Users\BSIT-021\.m2\repository\org\apache\activemq\artemis-commons\2.33.0\artemis-commons-2.33.0.jar;C:\Users\BSIT-021\.m2\repository\commons-beanutils\commons-beanutils\1.9.4\commons-beanutils-1.9.4.jar;C:\Users\BSIT-021\.m2\repository\commons-collections\commons-collections\3.2.2\commons-collections-3.2.2.jar;C:\Users\BSIT-021\.m2\repository\org\apache\activemq\artemis-selector\2.33.0\artemis-selector-2.33.0.jar;C:\Users\BSIT-021\.m2\repository\org\springframework\boot\spring-boot-starter-data-jdbc\3.3.2\spring-boot-starter-data-jdbc-3.3.2.jar;C:\Users\BSIT-021\.m2\repository\org\springframework\boot\spring-boot-starter-jdbc\3.3.2\spring-boot-starter-jdbc-3.3.2.jar;C:\Users\BSIT-021\.m2\repository\com\zaxxer\HikariCP\5.1.0\HikariCP-5.1.0.jar;C:\Users\BSIT-021\.m2\repository\org\springframework\spring-jdbc\6.1.11\spring-jdbc-6.1.11.jar;C:\Users\BSIT-021\.m2\repository\org\springframework\data\spring-data-jdbc\3.3.2\spring-data-jdbc-3.3.2.jar;C:\Users\BSIT-021\.m2\repository\org\springframework\data\spring-data-relational\3.3.2\spring-data-relational-3.3.2.jar;C:\Users\BSIT-021\.m2\repository\org\springframework\data\spring-data-commons\3.3.2\spring-data-commons-3.3.2.jar;C:\Users\BSIT-021\.m2\repository\org\springframework\spring-context\6.1.11\spring-context-6.1.11.jar;C:\Users\BSIT-021\.m2\repository\org\springframework\boot\spring-boot-starter-web\3.3.2\spring-boot-starter-web-3.3.2.jar;C:\Users\BSIT-021\.m2\repository\org\springframework\boot\spring-boot-starter-json\3.3.2\spring-boot-starter-json-3.3.2.jar;C:\Users\BSIT-021\.m2\repository\com\fasterxml\jackson\core\jackson-databind\2.17.2\jackson-databind-2.17.2.jar;C:\Users\BSIT-021\.m2\repository\com\fasterxml\jackson\core\jackson-annotations\2.17.2\jackson-annotations-2.17.2.jar;C:\Users\BSIT-021\.m2\repository\com\fasterxml\jackson\core\jackson-core\2.17.2\jackson-core-2.17.2.jar;C:\Users\BSIT-021\.m2\repository\com\fasterxml\jackson\datatype\jackson-datatype-jdk8\2.17.2\jackson-datatype-jdk8-2.17.2.jar;C:\Users\BSIT-021\.m2\repository\com\fasterxml\jackson\datatype\jackson-datatype-jsr310\2.17.2\jackson-datatype-jsr310-2.17.2.jar;C:\Users\BSIT-021\.m2\repository\com\fasterxml\jackson\module\jackson-module-parameter-names\2.17.2\jackson-module-parameter-names-2.17.2.jar;C:\Users\BSIT-021\.m2\repository\org\springframework\boot\spring-boot-starter-tomcat\3.3.2\spring-boot-starter-tomcat-3.3.2.jar;C:\Users\BSIT-021\.m2\repository\org\apache\tomcat\embed\tomcat-embed-core\10.1.26\tomcat-embed-core-10.1.26.jar;C:\Users\BSIT-021\.m2\repository\org\apache\tomcat\embed\tomcat-embed-el\10.1.26\tomcat-embed-el-10.1.26.jar;C:\Users\BSIT-021\.m2\repository\org\apache\tomcat\embed\tomcat-embed-websocket\10.1.26\tomcat-embed-websocket-10.1.26.jar;C:\Users\BSIT-021\.m2\repository\org\springframework\spring-web\6.1.11\spring-web-6.1.11.jar;C:\Users\BSIT-021\.m2\repository\org\springframework\spring-webmvc\6.1.11\spring-webmvc-6.1.11.jar;C:\Users\BSIT-021\.m2\repository\org\springframework\spring-aop\6.1.11\spring-aop-6.1.11.jar;C:\Users\BSIT-021\.m2\repository\org\springframework\spring-expression\6.1.11\spring-expression-6.1.11.jar;C:\Users\BSIT-021\.m2\repository\org\springframework\boot\spring-boot-starter-web-services\3.3.2\spring-boot-starter-web-services-3.3.2.jar;C:\Users\BSIT-021\.m2\repository\com\sun\xml\messaging\saaj\saaj-impl\3.0.4\saaj-impl-3.0.4.jar;C:\Users\BSIT-021\.m2\repository\jakarta\xml\soap\jakarta.xml.soap-api\3.0.2\jakarta.xml.soap-api-3.0.2.jar;C:\Users\BSIT-021\.m2\repository\org\jvnet\staxex\stax-ex\2.1.0\stax-ex-2.1.0.jar;C:\Users\BSIT-021\.m2\repository\jakarta\activation\jakarta.activation-api\2.1.3\jakarta.activation-api-2.1.3.jar;C:\Users\BSIT-021\.m2\repository\org\eclipse\angus\angus-activation\2.0.2\angus-activation-2.0.2.jar;C:\Users\BSIT-021\.m2\repository\jakarta\xml\ws\jakarta.xml.ws-api\4.0.2\jakarta.xml.ws-api-4.0.2.jar;C:\Users\BSIT-021\.m2\repository\org\springframework\spring-oxm\6.1.11\spring-oxm-6.1.11.jar;C:\Users\BSIT-021\.m2\repository\org\springframework\ws\spring-ws-core\4.0.11\spring-ws-core-4.0.11.jar;C:\Users\BSIT-021\.m2\repository\org\springframework\ws\spring-xml\4.0.11\spring-xml-4.0.11.jar;C:\Users\BSIT-021\.m2\repository\org\glassfish\jaxb\jaxb-runtime\4.0.5\jaxb-runtime-4.0.5.jar;C:\Users\BSIT-021\.m2\repository\org\glassfish\jaxb\jaxb-core\4.0.5\jaxb-core-4.0.5.jar;C:\Users\BSIT-021\.m2\repository\org\glassfish\jaxb\txw2\4.0.5\txw2-4.0.5.jar;C:\Users\BSIT-021\.m2\repository\com\sun\istack\istack-commons-runtime\4.1.2\istack-commons-runtime-4.1.2.jar;C:\Users\BSIT-021\.m2\repository\org\springframework\boot\spring-boot-devtools\3.3.2\spring-boot-devtools-3.3.2.jar;C:\Users\BSIT-021\.m2\repository\org\springframework\boot\spring-boot\3.3.2\spring-boot-3.3.2.jar;C:\Users\BSIT-021\.m2\repository\org\springframework\boot\spring-boot-autoconfigure\3.3.2\spring-boot-autoconfigure-3.3.2.jar;C:\Users\BSIT-021\.m2\repository\com\mysql\mysql-connector-j\8.3.0\mysql-connector-j-8.3.0.jar;C:\Users\BSIT-021\.m2\repository\org\springframework\boot\spring-boot-starter-test\3.3.2\spring-boot-starter-test-3.3.2.jar;C:\Users\BSIT-021\.m2\repository\org\springframework\boot\spring-boot-test\3.3.2\spring-boot-test-3.3.2.jar;C:\Users\BSIT-021\.m2\repository\org\springframework\boot\spring-boot-test-autoconfigure\3.3.2\spring-boot-test-autoconfigure-3.3.2.jar;C:\Users\BSIT-021\.m2\repository\com\jayway\jsonpath\json-path\2.9.0\json-path-2.9.0.jar;C:\Users\BSIT-021\.m2\repository\jakarta\xml\bind\jakarta.xml.bind-api\4.0.2\jakarta.xml.bind-api-4.0.2.jar;C:\Users\BSIT-021\.m2\repository\net\minidev\json-smart\2.5.1\json-smart-2.5.1.jar;C:\Users\BSIT-021\.m2\repository\net\minidev\accessors-smart\2.5.1\accessors-smart-2.5.1.jar;C:\Users\BSIT-021\.m2\repository\org\ow2\asm\asm\9.6\asm-9.6.jar;C:\Users\BSIT-021\.m2\repository\org\assertj\assertj-core\3.25.3\assertj-core-3.25.3.jar;C:\Users\BSIT-021\.m2\repository\net\bytebuddy\byte-buddy\1.14.18\byte-buddy-1.14.18.jar;C:\Users\BSIT-021\.m2\repository\org\awaitility\awaitility\4.2.1\awaitility-4.2.1.jar;C:\Users\BSIT-021\.m2\repository\org\hamcrest\hamcrest\2.2\hamcrest-2.2.jar;C:\Users\BSIT-021\.m2\repository\org\junit\jupiter\junit-jupiter\5.10.3\junit-jupiter-5.10.3.jar;C:\Users\BSIT-021\.m2\repository\org\junit\jupiter\junit-jupiter-api\5.10.3\junit-jupiter-api-5.10.3.jar;C:\Users\BSIT-021\.m2\repository\org\opentest4j\opentest4j\1.3.0\opentest4j-1.3.0.jar;C:\Users\BSIT-021\.m2\repository\org\junit\platform\junit-platform-commons\1.10.3\junit-platform-commons-1.10.3.jar;C:\Users\BSIT-021\.m2\repository\org\apiguardian\apiguardian-api\1.1.2\apiguardian-api-1.1.2.jar;C:\Users\BSIT-021\.m2\repository\org\junit\jupiter\junit-jupiter-params\5.10.3\junit-jupiter-params-5.10.3.jar;C:\Users\BSIT-021\.m2\repository\org\junit\jupiter\junit-jupiter-engine\5.10.3\junit-jupiter-engine-5.10.3.jar;C:\Users\BSIT-021\.m2\repository\org\junit\platform\junit-platform-engine\1.10.3\junit-platform-engine-1.10.3.jar;C:\Users\BSIT-021\.m2\repository\org\mockito\mockito-core\5.11.0\mockito-core-5.11.0.jar;C:\Users\BSIT-021\.m2\repository\net\bytebuddy\byte-buddy-agent\1.14.18\byte-buddy-agent-1.14.18.jar;C:\Users\BSIT-021\.m2\repository\org\objenesis\objenesis\3.3\objenesis-3.3.jar;C:\Users\BSIT-021\.m2\repository\org\mockito\mockito-junit-jupiter\5.11.0\mockito-junit-jupiter-5.11.0.jar;C:\Users\BSIT-021\.m2\repository\org\skyscreamer\jsonassert\1.5.3\jsonassert-1.5.3.jar;C:\Users\BSIT-021\.m2\repository\com\vaadin\external\google\android-json\0.0.20131108.vaadin1\android-json-0.0.20131108.vaadin1.jar;C:\Users\BSIT-021\.m2\repository\org\springframework\spring-core\6.1.11\spring-core-6.1.11.jar;C:\Users\BSIT-021\.m2\repository\org\springframework\spring-jcl\6.1.11\spring-jcl-6.1.11.jar;C:\Users\BSIT-021\.m2\repository\org\springframework\spring-test\6.1.11\spring-test-6.1.11.jar;C:\Users\BSIT-021\.m2\repository\org\xmlunit\xmlunit-core\2.9.1\xmlunit-core-2.9.1.jar;"/>
    <property name="sun.cpu.endian" value="little"/>
    <property name="user.home" value="C:\Users\BSIT-021"/>
    <property name="user.language" value="en"/>
    <property name="java.specification.vendor" value="Oracle Corporation"/>
    <property name="java.version.date" value="2024-01-16"/>
    <property name="java.home" value="C:\Program Files\Java\jdk-17"/>
    <property name="file.separator" value="\"/>
    <property name="style.color" value="always"/>
    <property name="basedir" value="C:\Users\BSIT-021\Documents\workspace-spring-tool-suite-4-4.23.1.RELEASE\ActiveTask"/>
    <property name="java.vm.compressedOopsMode" value="Zero based"/>
    <property name="line.separator" value="&#10;"/>
    <property name="java.vm.specification.vendor" value="Oracle Corporation"/>
    <property name="java.specification.name" value="Java Platform API Specification"/>
    <property name="FILE_LOG_CHARSET" value="windows-1252"/>
    <property name="java.awt.headless" value="true"/>
    <property name="surefire.real.class.path" value="C:\Users\BSIT-021\AppData\Local\Temp\surefire1302993600419953939\surefirebooter-20240719114949874_3.jar"/>
    <property name="user.script" value=""/>
    <property name="sun.management.compiler" value="HotSpot 64-Bit Tiered Compilers"/>
    <property name="java.runtime.version" value="17.0.10+11-LTS-240"/>
    <property name="user.name" value="BSIT-021"/>
    <property name="path.separator" value=";"/>
    <property name="os.version" value="10.0"/>
    <property name="java.runtime.name" value="Java(TM) SE Runtime Environment"/>
    <property name="file.encoding" value="Cp1252"/>
    <property name="java.vm.name" value="Java HotSpot(TM) 64-Bit Server VM"/>
    <property name="localRepository" value="C:\Users\BSIT-021\.m2\repository"/>
    <property name="java.vendor.url.bug" value="https://bugreport.java.com/bugreport/"/>
    <property name="java.io.tmpdir" value="C:\Users\BSIT-021\AppData\Local\Temp\"/>
    <property name="com.zaxxer.hikari.pool_number" value="1"/>
    <property name="java.version" value="17.0.10"/>
    <property name="user.dir" value="C:\Users\BSIT-021\Documents\workspace-spring-tool-suite-4-4.23.1.RELEASE\ActiveTask"/>
    <property name="os.arch" value="amd64"/>
    <property name="java.vm.specification.name" value="Java Virtual Machine Specification"/>
    <property name="PID" value="10612"/>
    <property name="sun.os.patch.level" value=""/>
    <property name="CONSOLE_LOG_CHARSET" value="windows-1252"/>
    <property name="native.encoding" value="Cp1252"/>
    <property name="java.library.path" value="C:\Program Files\Java\jdk-17\bin;C:\WINDOWS\Sun\Java\bin;C:\WINDOWS\system32;C:\WINDOWS;C:/Users/BSIT-021/Downloads/spring-tool-suite-4-4.23.1.RELEASE-e4.32.0-win32.win32.x86_64.self-extracting (2)/sts-4.23.1.RELEASE//plugins/org.eclipse.justj.openjdk.hotspot.jre.full.win32.x86_64_21.0.3.v20240426-1530/jre/bin/server;C:/Users/BSIT-021/Downloads/spring-tool-suite-4-4.23.1.RELEASE-e4.32.0-win32.win32.x86_64.self-extracting (2)/sts-4.23.1.RELEASE//plugins/org.eclipse.justj.openjdk.hotspot.jre.full.win32.x86_64_21.0.3.v20240426-1530/jre/bin;C:\Program Files\Common Files\Oracle\Java\javapath;C:\Program Files\Java\jdk-17\bin;C:\Program Files\Maven\apache-maven-3.9.6\bin;C:\WINDOWS\system32;C:\WINDOWS;C:\WINDOWS\System32\Wbem;C:\WINDOWS\System32\WindowsPowerShell\v1.0\;C:\WINDOWS\System32\OpenSSH\;C:\Users\BSIT-021\AppData\Roaming\npm\ng.ps1;C:\Program Files\Git\cmd;C:\Program Files\TortoiseGit\bin;C:\Program Files\nodejs\;C:\Program Files\dotnet\;;C:\Program Files\Docker\Docker\resources\bin;C:\Program Files\MySQL\MySQL Shell 8.0\bin\;C:\Users\BSIT-021\AppData\Local\Microsoft\WindowsApps;C:\Users\BSIT-021\AppData\Local\Programs\Microsoft VS Code\bin;C:\Users\BSIT-021\AppData\Roaming\npm;;C:\Users\BSIT-021\Downloads\spring-tool-suite-4-4.23.1.RELEASE-e4.32.0-win32.win32.x86_64.self-extracting (2)\sts-4.23.1.RELEASE;;."/>
    <property name="java.vm.info" value="mixed mode, sharing"/>
    <property name="java.vendor" value="Oracle Corporation"/>
    <property name="java.vm.version" value="17.0.10+11-LTS-240"/>
    <property name="sun.io.unicode.encoding" value="UnicodeLittle"/>
    <property name="java.class.version" value="61.0"/>
    <property name="LOGGED_APPLICATION_NAME" value="[ActiveTask] "/>
  </properties>
  <testcase name="contextLoads" classname="com.example.Integration.ActiveTaskApplicationTests" time="1.266">
    <system-out><![CDATA[11:49:52.192 [main] INFO org.springframework.test.context.support.AnnotationConfigContextLoaderUtils -- Could not detect default configuration classes for test class [com.example.Integration.ActiveTaskApplicationTests]: ActiveTaskApplicationTests does not declare any static, non-private, non-final, nested classes annotated with @Configuration.
11:49:52.319 [main] INFO org.springframework.boot.test.context.SpringBootTestContextBootstrapper -- Found @SpringBootConfiguration com.example.Integration.ActiveTaskApplication for test class com.example.Integration.ActiveTaskApplicationTests
11:49:52.674 [main] INFO org.springframework.boot.devtools.restart.RestartApplicationListener -- Restart disabled due to context in which it is running

  .   ____          _            __ _ _
 /\\ / ___'_ __ _ _(_)_ __  __ _ \ \ \ \
( ( )\___ | '_ | '_| | '_ \/ _` | \ \ \ \
 \\/  ___)| |_)| | | | | || (_| |  ) ) ) )
  '  |____| .__|_| |_|_| |_\__, | / / / /
 =========|_|==============|___/=/_/_/_/

 :: Spring Boot ::                (v3.3.2)

2024-07-19T11:49:53.415+05:30  INFO 10612 --- [ActiveTask] [           main] c.e.I.ActiveTaskApplicationTests         : Starting ActiveTaskApplicationTests using Java 17.0.10 with PID 10612 (started by BSIT-021 in C:\Users\BSIT-021\Documents\workspace-spring-tool-suite-4-4.23.1.RELEASE\ActiveTask)
2024-07-19T11:49:53.416+05:30  INFO 10612 --- [ActiveTask] [           main] c.e.I.ActiveTaskApplicationTests         : No active profile set, falling back to 1 default profile: "default"
2024-07-19T11:49:54.372+05:30  INFO 10612 --- [ActiveTask] [           main] .s.d.r.c.RepositoryConfigurationDelegate : Bootstrapping Spring Data JDBC repositories in DEFAULT mode.
2024-07-19T11:49:54.392+05:30  INFO 10612 --- [ActiveTask] [           main] .s.d.r.c.RepositoryConfigurationDelegate : Finished Spring Data repository scanning in 15 ms. Found 0 JDBC repository interfaces.
2024-07-19T11:49:55.123+05:30  WARN 10612 --- [ActiveTask] [           main] trationDelegate$BeanPostProcessorChecker : Bean 'org.springframework.ws.config.annotation.DelegatingWsConfiguration' of type [org.springframework.ws.config.annotation.DelegatingWsConfiguration$$SpringCGLIB$$0] is not eligible for getting processed by all BeanPostProcessors (for example: not eligible for auto-proxying). The currently created BeanPostProcessor [annotationActionEndpointMapping] is declared through a non-static factory method on that class; consider declaring it as static instead.
2024-07-19T11:49:56.056+05:30  INFO 10612 --- [ActiveTask] [           main] .w.s.a.s.AnnotationActionEndpointMapping : Supporting [WS-Addressing August 2004, WS-Addressing 1.0]
2024-07-19T11:49:56.848+05:30  INFO 10612 --- [ActiveTask] [           main] com.zaxxer.hikari.HikariDataSource       : HikariPool-1 - Starting...
2024-07-19T11:49:57.442+05:30  INFO 10612 --- [ActiveTask] [           main] com.zaxxer.hikari.pool.HikariPool        : HikariPool-1 - Added connection com.mysql.cj.jdbc.ConnectionImpl@2bb31455
2024-07-19T11:49:57.445+05:30  INFO 10612 --- [ActiveTask] [           main] com.zaxxer.hikari.HikariDataSource       : HikariPool-1 - Start completed.
2024-07-19T11:49:57.822+05:30  INFO 10612 --- [ActiveTask] [           main] c.e.I.ActiveTaskApplicationTests         : Started ActiveTaskApplicationTests in 5.161 seconds (process running for 7.255)
]]></system-out>
  </testcase>
</testsuite>